<?xml version="1.0" encoding="UTF-8"?>
<!-- Generated by org.testng.reporters.JUnitReportReporter -->
<testsuite hostname="DESKTOP-2DJFJIA" failures="0" tests="1" name="testnglearning.TestCase1" time="0.011" errors="0" timestamp="20 Jun 2023 21:03:46 GMT" skipped="0">
  <testcase classname="testnglearning.TestCase1" name="doUserReg" time="0.011"/>
</testsuite> <!-- testnglearning.TestCase1 -->
