<?xml version="1.0" encoding="UTF-8"?>
<!-- Generated by org.testng.reporters.JUnitReportReporter -->
<testsuite hostname="DESKTOP-2DJFJIA" failures="0" tests="3" name="testnglearning.TestParameterization" time="0.013" errors="0" timestamp="22 Jun 2023 21:03:52 GMT" skipped="0">
  <testcase classname="testnglearning.TestParameterization" name="doLogin" time="0.001"/>
  <testcase classname="testnglearning.TestParameterization" name="doLogin" time="0.001"/>
  <testcase classname="testnglearning.TestParameterization" name="doLogin" time="0.011"/>
</testsuite> <!-- testnglearning.TestParameterization -->
